<?xml version="1.0" encoding="UTF-8"?>
<testsuite name="Tests" tests="1" skipped="0" failures="0" errors="0" timestamp="2022-04-07T20:11:19" hostname="LAPTOP-9KT2AN7H" time="0.136">
  <properties/>
  <testcase name="test6()" classname="Tests" time="0.136"/>
  <system-out><![CDATA[]]></system-out>
  <system-err><![CDATA[]]></system-err>
</testsuite>
